Using pre-set license

 COMMAND LINE ARGUMENTS:
/Applications/Unity/Hub/Editor/2020.3.14f1/Unity.app/Contents/MacOS/Unity
-adb2
-batchMode
-noUpm
-name
AssetImportWorker0
-projectPath
/Users/sofia/Documents/GitHub/Leap/Leap
-logFile
Logs/AssetImportWorker0.log
-srvPort
50026
Successfully changed project path to: /Users/sofia/Documents/GitHub/Leap/Leap
/Users/sofia/Documents/GitHub/Leap/Leap
Using Asset Import Pipeline V2.
Refreshing native plugins compatible for Editor in 52.54 ms, found 3 plugins.
Preloading 0 native plugins for Editor in 0.00 ms.
Initialize engine version: 2020.3.14f1 (d0d1bb862f9d)
[Subsystems] Discovering subsystems at path /Applications/Unity/Hub/Editor/2020.3.14f1/Unity.app/Contents/Resources/UnitySubsystems
[Subsystems] Discovering subsystems at path /Users/sofia/Documents/GitHub/Leap/Leap/Assets
GfxDevice: creating device client; threaded=0
2021-10-05 11:33:31.644 Unity[1457:30882] iMac preferred device: AMD Radeon R9 M290X (high power)
2021-10-05 11:33:31.644 Unity[1457:30882] Metal devices available: 1
2021-10-05 11:33:31.644 Unity[1457:30882] 0: AMD Radeon R9 M290X (high power)
2021-10-05 11:33:31.648 Unity[1457:30882] Using device AMD Radeon R9 M290X (high power)
Initializing Metal device caps: AMD Radeon R9 M290X
Initialize mono
Mono path[0] = '/Applications/Unity/Hub/Editor/2020.3.14f1/Unity.app/Contents/Managed'
Mono path[1] = '/Applications/Unity/Hub/Editor/2020.3.14f1/Unity.app/Contents/MonoBleedingEdge/lib/mono/unityjit'
Mono config path = '/Applications/Unity/Hub/Editor/2020.3.14f1/Unity.app/Contents/MonoBleedingEdge/etc'
Using monoOptions --debugger-agent=transport=dt_socket,embedding=1,server=y,suspend=n,address=127.0.0.1:56457
Begin MonoManager ReloadAssembly
Registering precompiled unity dll's ...
Register platform support module: /Applications/Unity/Hub/Editor/2020.3.14f1/PlaybackEngines/WebGLSupport/UnityEditor.WebGL.Extensions.dll
Register platform support module: /Applications/Unity/Hub/Editor/2020.3.14f1/Unity.app/Contents/PlaybackEngines/MacStandaloneSupport/UnityEditor.OSXStandalone.Extensions.dll
Registered in 0.003101 seconds.
Native extension for OSXStandalone target not found
Native extension for WebGL target not found
Refreshing native plugins compatible for Editor in 49.65 ms, found 3 plugins.
Preloading 0 native plugins for Editor in 0.00 ms.
Mono: successfully reloaded assembly
- Completed reload, in  2.661 seconds
Domain Reload Profiling:
	ReloadAssembly (2662ms)
		BeginReloadAssembly (214ms)
			ExecutionOrderSort (0ms)
			DisableScriptedObjects (0ms)
			BackupInstance (0ms)
			ReleaseScriptingObjects (0ms)
			CreateAndSetChildDomain (2ms)
		EndReloadAssembly (757ms)
			LoadAssemblies (214ms)
			RebuildTransferFunctionScriptingTraits (2ms)
			SetupTypeCache (270ms)
			ReleaseScriptCaches (0ms)
			RebuildScriptCaches (53ms)
			SetupLoadedEditorAssemblies (320ms)
				LogAssemblyErrors (0ms)
				InitializePlatformSupportModulesInManaged (8ms)
				SetLoadedEditorAssemblies (0ms)
				RefreshPlugins (50ms)
				BeforeProcessingInitializeOnLoad (41ms)
				ProcessInitializeOnLoadAttributes (175ms)
				ProcessInitializeOnLoadMethodAttributes (46ms)
				AfterProcessingInitializeOnLoad (0ms)
				EditorAssembliesLoaded (1ms)
			ExecutionOrderSort2 (0ms)
			AwakeInstancesAfterBackupRestoration (0ms)
Platform modules already initialized, skipping
Registering precompiled user dll's ...
Registered in 0.007753 seconds.
Begin MonoManager ReloadAssembly
Native extension for OSXStandalone target not found
Native extension for WebGL target not found
Refreshing native plugins compatible for Editor in 52.53 ms, found 3 plugins.
Preloading 0 native plugins for Editor in 0.00 ms.
Mono: successfully reloaded assembly
- Completed reload, in  1.951 seconds
Domain Reload Profiling:
	ReloadAssembly (1953ms)
		BeginReloadAssembly (220ms)
			ExecutionOrderSort (0ms)
			DisableScriptedObjects (6ms)
			BackupInstance (0ms)
			ReleaseScriptingObjects (0ms)
			CreateAndSetChildDomain (49ms)
		EndReloadAssembly (1644ms)
			LoadAssemblies (167ms)
			RebuildTransferFunctionScriptingTraits (0ms)
			SetupTypeCache (506ms)
			ReleaseScriptCaches (1ms)
			RebuildScriptCaches (121ms)
			SetupLoadedEditorAssemblies (663ms)
				LogAssemblyErrors (0ms)
				InitializePlatformSupportModulesInManaged (7ms)
				SetLoadedEditorAssemblies (0ms)
				RefreshPlugins (53ms)
				BeforeProcessingInitializeOnLoad (127ms)
				ProcessInitializeOnLoadAttributes (452ms)
				ProcessInitializeOnLoadMethodAttributes (23ms)
				AfterProcessingInitializeOnLoad (2ms)
				EditorAssembliesLoaded (1ms)
			ExecutionOrderSort2 (0ms)
			AwakeInstancesAfterBackupRestoration (9ms)
Platform modules already initialized, skipping
========================================================================
Worker process is ready to serve import requests
Launching external process: /Applications/Unity/Hub/Editor/2020.3.14f1/Unity.app/Contents/Tools/UnityShaderCompiler
Launched and connected shader compiler UnityShaderCompiler after 0.03 seconds
Refreshing native plugins compatible for Editor in 0.44 ms, found 3 plugins.
Preloading 0 native plugins for Editor in 0.00 ms.
Unloading 2254 Unused Serialized files (Serialized files now loaded: 0)
System memory in use before: 181.8 MB.
System memory in use after: 181.8 MB.

Unloading 33 unused Assets to reduce memory usage. Loaded Objects now: 2694.
Total: 10.458815 ms (FindLiveObjects: 0.572896 ms CreateObjectMapping: 0.138875 ms MarkObjects: 8.537528 ms  DeleteObjects: 1.207832 ms)

AssetImportParameters requested are different than current active one (requested -> active):
  custom:video-decoder-ogg-theora: a1e56fd34408186e4bbccfd4996cb3dc -> 
  custom:container-muxer-webm: aa71ff27fc2769a1b78a27578f13a17b -> 
  custom:container-demuxer-webm: 4f35f7cbe854078d1ac9338744f61a02 -> 
  custom:container-demuxer-ogg: 62fdf1f143b41e24485cea50d1cbac27 -> 
  custom:video-encoder-webm-vp8: eb34c28f22e8b96e1ab97ce403110664 -> 
  custom:framework-osx-AVFoundation: e770b220cccbd017edd2c1fefb359320 -> 
  custom:video-decoder-webm-vp8: 9c59270c3fd7afecdb556c50c9e8de78 -> 
  custom:audio-decoder-ogg-vorbis: bf7c407c2cedff20999df2af8eb42d56 -> 
  custom:audio-encoder-webm-vorbis: bf7c407c2cedff20999df2af8eb42d56 -> 
========================================================================
Received Import Request.
  path: Assets/Visuals/Font
  artifactKey: Guid(fe8d27001f4884a018d134ef00bafc3a) Importer(815301076,1909f56bfc062723c751e8b465ee728b)
Start importing Assets/Visuals/Font using Guid(fe8d27001f4884a018d134ef00bafc3a) Importer(815301076,1909f56bfc062723c751e8b465ee728b)  -> (artifact id: '8e1fcf869a651fdeadf0a69676286bcb') in 0.022742 seconds 
  Import took 0.027290 seconds .

========================================================================
Received Import Request.
  Time since last request: 0.962863 seconds.
  path: Assets/Visuals/LilitaOne-Regular.ttf
  artifactKey: Guid(f82b7afbb40694663bef08e35e41bb5c) Importer(815301076,1909f56bfc062723c751e8b465ee728b)
Start importing Assets/Visuals/LilitaOne-Regular.ttf using Guid(f82b7afbb40694663bef08e35e41bb5c) Importer(815301076,1909f56bfc062723c751e8b465ee728b)  -> (artifact id: '88e9a9347debfcaaf041f6672bc034d8') in 2.321090 seconds 
  Import took 2.325580 seconds .

========================================================================
Received Import Request.
  Time since last request: 36.373388 seconds.
  path: Assets/Visuals/panel.png
  artifactKey: Guid(a95ffae63a22d498ba51b9211e683c22) Importer(815301076,1909f56bfc062723c751e8b465ee728b)
Start importing Assets/Visuals/panel.png using Guid(a95ffae63a22d498ba51b9211e683c22) Importer(815301076,1909f56bfc062723c751e8b465ee728b)  -> (artifact id: 'c9bce30de13ef5688683dd3713a941fe') in 1.433474 seconds 
  Import took 1.441536 seconds .

========================================================================
Received Import Request.
  Time since last request: 1.147912 seconds.
  path: Assets/Visuals/hidden character.png
  artifactKey: Guid(572d4f90771e3409fb77e66bac2561ba) Importer(815301076,1909f56bfc062723c751e8b465ee728b)
Start importing Assets/Visuals/hidden character.png using Guid(572d4f90771e3409fb77e66bac2561ba) Importer(815301076,1909f56bfc062723c751e8b465ee728b)  -> (artifact id: '5985db567ec5bd205c3f7f41c8a95035') in 0.020945 seconds 
  Import took 0.026298 seconds .

========================================================================
Received Import Request.
  Time since last request: 0.000254 seconds.
  path: Assets/Visuals/icons.png
  artifactKey: Guid(57d5a457756864e54921f56e19226cf3) Importer(815301076,1909f56bfc062723c751e8b465ee728b)
Start importing Assets/Visuals/icons.png using Guid(57d5a457756864e54921f56e19226cf3) Importer(815301076,1909f56bfc062723c751e8b465ee728b)  -> (artifact id: 'f7d134a395fd1bf7d33e26dbc40a9b11') in 0.015181 seconds 
  Import took 0.019707 seconds .

========================================================================
Received Import Request.
  Time since last request: 0.000228 seconds.
  path: Assets/Visuals/hidden character.png
  artifactKey: Guid(572d4f90771e3409fb77e66bac2561ba) Importer(815301076,1909f56bfc062723c751e8b465ee728b)
Start importing Assets/Visuals/hidden character.png using Guid(572d4f90771e3409fb77e66bac2561ba) Importer(815301076,1909f56bfc062723c751e8b465ee728b)  -> (artifact id: '5985db567ec5bd205c3f7f41c8a95035') in 0.016338 seconds 
  Import took 0.021213 seconds .

========================================================================
Received Import Request.
  Time since last request: 0.006266 seconds.
  path: Assets/Visuals/icons.png
  artifactKey: Guid(57d5a457756864e54921f56e19226cf3) Importer(815301076,1909f56bfc062723c751e8b465ee728b)
Start importing Assets/Visuals/icons.png using Guid(57d5a457756864e54921f56e19226cf3) Importer(815301076,1909f56bfc062723c751e8b465ee728b)  -> (artifact id: 'f7d134a395fd1bf7d33e26dbc40a9b11') in 0.017950 seconds 
  Import took 0.025120 seconds .

========================================================================
Received Import Request.
  Time since last request: 109.033058 seconds.
  path: Assets/Visuals/Leap_lettering.png
  artifactKey: Guid(fdb4331d87b89402594fd46efd5df6ac) Importer(815301076,1909f56bfc062723c751e8b465ee728b)
Start importing Assets/Visuals/Leap_lettering.png using Guid(fdb4331d87b89402594fd46efd5df6ac) Importer(815301076,1909f56bfc062723c751e8b465ee728b)  -> (artifact id: '65ae6d525dc15b7e16030fcc817fc4f6') in 0.059388 seconds 
  Import took 0.091051 seconds .

========================================================================
Received Import Request.
  Time since last request: 98.148303 seconds.
  path: Assets/Visuals/Font/LilitaOne-Regular SDF.asset
  artifactKey: Guid(e6491ba4bbad94b2ea921e36947b5832) Importer(815301076,1909f56bfc062723c751e8b465ee728b)
Start importing Assets/Visuals/Font/LilitaOne-Regular SDF.asset using Guid(e6491ba4bbad94b2ea921e36947b5832) Importer(815301076,1909f56bfc062723c751e8b465ee728b)  -> (artifact id: '4681ff0ca88052f97852cd3347018f5e') in 1.471135 seconds 
  Import took 1.477498 seconds .

========================================================================
Received Import Request.
  Time since last request: 251.384618 seconds.
  path: Assets/Visuals/icons.png
  artifactKey: Guid(57d5a457756864e54921f56e19226cf3) Importer(815301076,1909f56bfc062723c751e8b465ee728b)
Start importing Assets/Visuals/icons.png using Guid(57d5a457756864e54921f56e19226cf3) Importer(815301076,1909f56bfc062723c751e8b465ee728b)  -> (artifact id: '382783966b46a767ea5e29f4b6a807d1') in 0.021582 seconds 
  Import took 0.026498 seconds .

========================================================================
Received Import Request.
  Time since last request: 0.000690 seconds.
  path: Assets/Visuals/icons.png
  artifactKey: Guid(57d5a457756864e54921f56e19226cf3) Importer(815301076,1909f56bfc062723c751e8b465ee728b)
Start importing Assets/Visuals/icons.png using Guid(57d5a457756864e54921f56e19226cf3) Importer(815301076,1909f56bfc062723c751e8b465ee728b)  -> (artifact id: '382783966b46a767ea5e29f4b6a807d1') in 0.016721 seconds 
  Import took 0.021696 seconds .

========================================================================
Received Import Request.
  Time since last request: 5.267187 seconds.
  path: Assets/Visuals/icons.png
  artifactKey: Guid(57d5a457756864e54921f56e19226cf3) Importer(815301076,1909f56bfc062723c751e8b465ee728b)
Start importing Assets/Visuals/icons.png using Guid(57d5a457756864e54921f56e19226cf3) Importer(815301076,1909f56bfc062723c751e8b465ee728b)  -> (artifact id: '28f6a5399d306f8f1c56155fe8410445') in 0.089178 seconds 
  Import took 0.093803 seconds .

========================================================================
Received Import Request.
  Time since last request: 53.024880 seconds.
  path: Assets/Visuals/icons.png
  artifactKey: Guid(57d5a457756864e54921f56e19226cf3) Importer(815301076,1909f56bfc062723c751e8b465ee728b)
Start importing Assets/Visuals/icons.png using Guid(57d5a457756864e54921f56e19226cf3) Importer(815301076,1909f56bfc062723c751e8b465ee728b)  -> (artifact id: '4e2ddca2ddce06caaeff5315aa031003') in 0.020872 seconds 
  Import took 0.025884 seconds .

========================================================================
Received Import Request.
  Time since last request: 0.019399 seconds.
  path: Assets/Visuals/icons.png
  artifactKey: Guid(57d5a457756864e54921f56e19226cf3) Importer(815301076,1909f56bfc062723c751e8b465ee728b)
Start importing Assets/Visuals/icons.png using Guid(57d5a457756864e54921f56e19226cf3) Importer(815301076,1909f56bfc062723c751e8b465ee728b)  -> (artifact id: '4e2ddca2ddce06caaeff5315aa031003') in 0.016427 seconds 
  Import took 0.021111 seconds .

========================================================================
Received Import Request.
  Time since last request: 70.857047 seconds.
  path: Assets/Visuals/icons.png
  artifactKey: Guid(57d5a457756864e54921f56e19226cf3) Importer(815301076,1909f56bfc062723c751e8b465ee728b)
Start importing Assets/Visuals/icons.png using Guid(57d5a457756864e54921f56e19226cf3) Importer(815301076,1909f56bfc062723c751e8b465ee728b)  -> (artifact id: 'de90e87a4e6ce9cabadeefabb4356c07') in 0.091689 seconds 
  Import took 0.096301 seconds .

========================================================================
Received Import Request.
  Time since last request: 262.338394 seconds.
  path: Assets/Visuals/Font/LilitaOne-Regular SDF.asset
  artifactKey: Guid(e6491ba4bbad94b2ea921e36947b5832) Importer(815301076,1909f56bfc062723c751e8b465ee728b)
Start importing Assets/Visuals/Font/LilitaOne-Regular SDF.asset using Guid(e6491ba4bbad94b2ea921e36947b5832) Importer(815301076,1909f56bfc062723c751e8b465ee728b)  -> (artifact id: '641b17da1d66bb0ec1018bfffcbd5264') in 0.057722 seconds 
  Import took 0.078476 seconds .

========================================================================
Received Prepare
Registering precompiled user dll's ...
Registered in 0.004893 seconds.
Begin MonoManager ReloadAssembly
Native extension for OSXStandalone target not found
Native extension for WebGL target not found
Refreshing native plugins compatible for Editor in 0.56 ms, found 3 plugins.
Preloading 0 native plugins for Editor in 0.00 ms.
Mono: successfully reloaded assembly
- Completed reload, in  1.605 seconds
Domain Reload Profiling:
	ReloadAssembly (1607ms)
		BeginReloadAssembly (245ms)
			ExecutionOrderSort (0ms)
			DisableScriptedObjects (16ms)
			BackupInstance (0ms)
			ReleaseScriptingObjects (0ms)
			CreateAndSetChildDomain (145ms)
		EndReloadAssembly (1282ms)
			LoadAssemblies (108ms)
			RebuildTransferFunctionScriptingTraits (0ms)
			SetupTypeCache (481ms)
			ReleaseScriptCaches (1ms)
			RebuildScriptCaches (95ms)
			SetupLoadedEditorAssemblies (430ms)
				LogAssemblyErrors (0ms)
				InitializePlatformSupportModulesInManaged (9ms)
				SetLoadedEditorAssemblies (1ms)
				RefreshPlugins (1ms)
				BeforeProcessingInitializeOnLoad (103ms)
				ProcessInitializeOnLoadAttributes (307ms)
				ProcessInitializeOnLoadMethodAttributes (8ms)
				AfterProcessingInitializeOnLoad (2ms)
				EditorAssembliesLoaded (0ms)
			ExecutionOrderSort2 (0ms)
			AwakeInstancesAfterBackupRestoration (15ms)
Platform modules already initialized, skipping
Refreshing native plugins compatible for Editor in 0.46 ms, found 3 plugins.
Preloading 0 native plugins for Editor in 0.00 ms.
Unloading 2233 Unused Serialized files (Serialized files now loaded: 0)
System memory in use before: 197.7 MB.
System memory in use after: 197.8 MB.

Unloading 21 unused Assets to reduce memory usage. Loaded Objects now: 2766.
Total: 2.701918 ms (FindLiveObjects: 0.327680 ms CreateObjectMapping: 0.093323 ms MarkObjects: 2.146834 ms  DeleteObjects: 0.133028 ms)

AssetImportParameters requested are different than current active one (requested -> active):
  custom:video-decoder-ogg-theora: a1e56fd34408186e4bbccfd4996cb3dc -> 
  custom:container-muxer-webm: aa71ff27fc2769a1b78a27578f13a17b -> 
  custom:container-demuxer-webm: 4f35f7cbe854078d1ac9338744f61a02 -> 
  custom:container-demuxer-ogg: 62fdf1f143b41e24485cea50d1cbac27 -> 
  custom:video-encoder-webm-vp8: eb34c28f22e8b96e1ab97ce403110664 -> 
  custom:framework-osx-AVFoundation: e770b220cccbd017edd2c1fefb359320 -> 
  custom:video-decoder-webm-vp8: 9c59270c3fd7afecdb556c50c9e8de78 -> 
  custom:audio-decoder-ogg-vorbis: bf7c407c2cedff20999df2af8eb42d56 -> 
  custom:audio-encoder-webm-vorbis: bf7c407c2cedff20999df2af8eb42d56 -> 
========================================================================
Received Import Request.
  Time since last request: 1201.355725 seconds.
  path: Assets/Visuals/Font/LilitaOne-Regular SDF.asset
  artifactKey: Guid(e6491ba4bbad94b2ea921e36947b5832) Importer(815301076,1909f56bfc062723c751e8b465ee728b)
Start importing Assets/Visuals/Font/LilitaOne-Regular SDF.asset using Guid(e6491ba4bbad94b2ea921e36947b5832) Importer(815301076,1909f56bfc062723c751e8b465ee728b)  -> (artifact id: '73d5e3188f59b2d2b7241e585a7c789a') in 0.368992 seconds 
  Import took 0.395491 seconds .

========================================================================
Received Prepare
Registering precompiled user dll's ...
Registered in 0.004747 seconds.
Begin MonoManager ReloadAssembly
Native extension for OSXStandalone target not found
Native extension for WebGL target not found
Refreshing native plugins compatible for Editor in 0.52 ms, found 3 plugins.
Preloading 0 native plugins for Editor in 0.00 ms.
Mono: successfully reloaded assembly
- Completed reload, in  1.538 seconds
Domain Reload Profiling:
	ReloadAssembly (1540ms)
		BeginReloadAssembly (232ms)
			ExecutionOrderSort (0ms)
			DisableScriptedObjects (15ms)
			BackupInstance (0ms)
			ReleaseScriptingObjects (0ms)
			CreateAndSetChildDomain (136ms)
		EndReloadAssembly (1199ms)
			LoadAssemblies (117ms)
			RebuildTransferFunctionScriptingTraits (0ms)
			SetupTypeCache (411ms)
			ReleaseScriptCaches (1ms)
			RebuildScriptCaches (78ms)
			SetupLoadedEditorAssemblies (424ms)
				LogAssemblyErrors (0ms)
				InitializePlatformSupportModulesInManaged (8ms)
				SetLoadedEditorAssemblies (1ms)
				RefreshPlugins (1ms)
				BeforeProcessingInitializeOnLoad (107ms)
				ProcessInitializeOnLoadAttributes (300ms)
				ProcessInitializeOnLoadMethodAttributes (7ms)
				AfterProcessingInitializeOnLoad (2ms)
				EditorAssembliesLoaded (0ms)
			ExecutionOrderSort2 (0ms)
			AwakeInstancesAfterBackupRestoration (21ms)
Platform modules already initialized, skipping
Refreshing native plugins compatible for Editor in 0.54 ms, found 3 plugins.
Preloading 0 native plugins for Editor in 0.00 ms.
Unloading 2234 Unused Serialized files (Serialized files now loaded: 0)
System memory in use before: 198.2 MB.
System memory in use after: 198.3 MB.

Unloading 21 unused Assets to reduce memory usage. Loaded Objects now: 2773.
Total: 8.674892 ms (FindLiveObjects: 0.618789 ms CreateObjectMapping: 0.090624 ms MarkObjects: 7.414090 ms  DeleteObjects: 0.549929 ms)

AssetImportParameters requested are different than current active one (requested -> active):
  custom:video-decoder-ogg-theora: a1e56fd34408186e4bbccfd4996cb3dc -> 
  custom:container-muxer-webm: aa71ff27fc2769a1b78a27578f13a17b -> 
  custom:container-demuxer-webm: 4f35f7cbe854078d1ac9338744f61a02 -> 
  custom:container-demuxer-ogg: 62fdf1f143b41e24485cea50d1cbac27 -> 
  custom:video-encoder-webm-vp8: eb34c28f22e8b96e1ab97ce403110664 -> 
  custom:framework-osx-AVFoundation: e770b220cccbd017edd2c1fefb359320 -> 
  custom:video-decoder-webm-vp8: 9c59270c3fd7afecdb556c50c9e8de78 -> 
  custom:audio-decoder-ogg-vorbis: bf7c407c2cedff20999df2af8eb42d56 -> 
  custom:audio-encoder-webm-vorbis: bf7c407c2cedff20999df2af8eb42d56 -> 
========================================================================
Received Prepare
Registering precompiled user dll's ...
Registered in 0.004711 seconds.
Begin MonoManager ReloadAssembly
Native extension for OSXStandalone target not found
Native extension for WebGL target not found
Refreshing native plugins compatible for Editor in 0.49 ms, found 3 plugins.
Preloading 0 native plugins for Editor in 0.00 ms.
Mono: successfully reloaded assembly
- Completed reload, in  1.489 seconds
Domain Reload Profiling:
	ReloadAssembly (1491ms)
		BeginReloadAssembly (240ms)
			ExecutionOrderSort (0ms)
			DisableScriptedObjects (15ms)
			BackupInstance (0ms)
			ReleaseScriptingObjects (0ms)
			CreateAndSetChildDomain (146ms)
		EndReloadAssembly (1169ms)
			LoadAssemblies (108ms)
			RebuildTransferFunctionScriptingTraits (0ms)
			SetupTypeCache (444ms)
			ReleaseScriptCaches (1ms)
			RebuildScriptCaches (71ms)
			SetupLoadedEditorAssemblies (390ms)
				LogAssemblyErrors (0ms)
				InitializePlatformSupportModulesInManaged (8ms)
				SetLoadedEditorAssemblies (1ms)
				RefreshPlugins (1ms)
				BeforeProcessingInitializeOnLoad (94ms)
				ProcessInitializeOnLoadAttributes (279ms)
				ProcessInitializeOnLoadMethodAttributes (7ms)
				AfterProcessingInitializeOnLoad (1ms)
				EditorAssembliesLoaded (0ms)
			ExecutionOrderSort2 (0ms)
			AwakeInstancesAfterBackupRestoration (14ms)
Platform modules already initialized, skipping
Refreshing native plugins compatible for Editor in 0.48 ms, found 3 plugins.
Preloading 0 native plugins for Editor in 0.00 ms.
Unloading 2234 Unused Serialized files (Serialized files now loaded: 0)
System memory in use before: 198.3 MB.
System memory in use after: 198.5 MB.

Unloading 21 unused Assets to reduce memory usage. Loaded Objects now: 2777.
Total: 3.367289 ms (FindLiveObjects: 0.314187 ms CreateObjectMapping: 0.091385 ms MarkObjects: 2.820604 ms  DeleteObjects: 0.140080 ms)

AssetImportParameters requested are different than current active one (requested -> active):
  custom:video-decoder-ogg-theora: a1e56fd34408186e4bbccfd4996cb3dc -> 
  custom:container-muxer-webm: aa71ff27fc2769a1b78a27578f13a17b -> 
  custom:container-demuxer-webm: 4f35f7cbe854078d1ac9338744f61a02 -> 
  custom:container-demuxer-ogg: 62fdf1f143b41e24485cea50d1cbac27 -> 
  custom:video-encoder-webm-vp8: eb34c28f22e8b96e1ab97ce403110664 -> 
  custom:framework-osx-AVFoundation: e770b220cccbd017edd2c1fefb359320 -> 
  custom:video-decoder-webm-vp8: 9c59270c3fd7afecdb556c50c9e8de78 -> 
  custom:audio-decoder-ogg-vorbis: bf7c407c2cedff20999df2af8eb42d56 -> 
  custom:audio-encoder-webm-vorbis: bf7c407c2cedff20999df2af8eb42d56 -> 
========================================================================
Received Prepare
Registering precompiled user dll's ...
Registered in 0.004627 seconds.
Begin MonoManager ReloadAssembly
Native extension for OSXStandalone target not found
Native extension for WebGL target not found
Refreshing native plugins compatible for Editor in 0.60 ms, found 3 plugins.
Preloading 0 native plugins for Editor in 0.00 ms.
Mono: successfully reloaded assembly
- Completed reload, in  1.421 seconds
Domain Reload Profiling:
	ReloadAssembly (1422ms)
		BeginReloadAssembly (178ms)
			ExecutionOrderSort (0ms)
			DisableScriptedObjects (9ms)
			BackupInstance (0ms)
			ReleaseScriptingObjects (0ms)
			CreateAndSetChildDomain (92ms)
		EndReloadAssembly (1163ms)
			LoadAssemblies (98ms)
			RebuildTransferFunctionScriptingTraits (0ms)
			SetupTypeCache (386ms)
			ReleaseScriptCaches (1ms)
			RebuildScriptCaches (82ms)
			SetupLoadedEditorAssemblies (441ms)
				LogAssemblyErrors (0ms)
				InitializePlatformSupportModulesInManaged (9ms)
				SetLoadedEditorAssemblies (1ms)
				RefreshPlugins (1ms)
				BeforeProcessingInitializeOnLoad (103ms)
				ProcessInitializeOnLoadAttributes (318ms)
				ProcessInitializeOnLoadMethodAttributes (7ms)
				AfterProcessingInitializeOnLoad (2ms)
				EditorAssembliesLoaded (0ms)
			ExecutionOrderSort2 (0ms)
			AwakeInstancesAfterBackupRestoration (14ms)
Platform modules already initialized, skipping
Refreshing native plugins compatible for Editor in 0.47 ms, found 3 plugins.
Preloading 0 native plugins for Editor in 0.00 ms.
Unloading 2234 Unused Serialized files (Serialized files now loaded: 0)
System memory in use before: 198.6 MB.
System memory in use after: 198.8 MB.

Unloading 21 unused Assets to reduce memory usage. Loaded Objects now: 2781.
Total: 2.469287 ms (FindLiveObjects: 0.297336 ms CreateObjectMapping: 0.091560 ms MarkObjects: 1.982753 ms  DeleteObjects: 0.096721 ms)

AssetImportParameters requested are different than current active one (requested -> active):
  custom:video-decoder-ogg-theora: a1e56fd34408186e4bbccfd4996cb3dc -> 
  custom:container-muxer-webm: aa71ff27fc2769a1b78a27578f13a17b -> 
  custom:container-demuxer-webm: 4f35f7cbe854078d1ac9338744f61a02 -> 
  custom:container-demuxer-ogg: 62fdf1f143b41e24485cea50d1cbac27 -> 
  custom:video-encoder-webm-vp8: eb34c28f22e8b96e1ab97ce403110664 -> 
  custom:framework-osx-AVFoundation: e770b220cccbd017edd2c1fefb359320 -> 
  custom:video-decoder-webm-vp8: 9c59270c3fd7afecdb556c50c9e8de78 -> 
  custom:audio-decoder-ogg-vorbis: bf7c407c2cedff20999df2af8eb42d56 -> 
  custom:audio-encoder-webm-vorbis: bf7c407c2cedff20999df2af8eb42d56 -> 
========================================================================
Received Prepare
Registering precompiled user dll's ...
Registered in 0.003990 seconds.
Begin MonoManager ReloadAssembly
Native extension for OSXStandalone target not found
Native extension for WebGL target not found
Refreshing native plugins compatible for Editor in 0.47 ms, found 3 plugins.
Preloading 0 native plugins for Editor in 0.00 ms.
Mono: successfully reloaded assembly
- Completed reload, in  1.536 seconds
Domain Reload Profiling:
	ReloadAssembly (1537ms)
		BeginReloadAssembly (260ms)
			ExecutionOrderSort (0ms)
			DisableScriptedObjects (18ms)
			BackupInstance (0ms)
			ReleaseScriptingObjects (0ms)
			CreateAndSetChildDomain (155ms)
		EndReloadAssembly (1189ms)
			LoadAssemblies (110ms)
			RebuildTransferFunctionScriptingTraits (0ms)
			SetupTypeCache (432ms)
			ReleaseScriptCaches (1ms)
			RebuildScriptCaches (77ms)
			SetupLoadedEditorAssemblies (420ms)
				LogAssemblyErrors (0ms)
				InitializePlatformSupportModulesInManaged (8ms)
				SetLoadedEditorAssemblies (1ms)
				RefreshPlugins (0ms)
				BeforeProcessingInitializeOnLoad (105ms)
				ProcessInitializeOnLoadAttributes (296ms)
				ProcessInitializeOnLoadMethodAttributes (8ms)
				AfterProcessingInitializeOnLoad (1ms)
				EditorAssembliesLoaded (0ms)
			ExecutionOrderSort2 (0ms)
			AwakeInstancesAfterBackupRestoration (14ms)
Platform modules already initialized, skipping
Refreshing native plugins compatible for Editor in 0.47 ms, found 3 plugins.
Preloading 0 native plugins for Editor in 0.00 ms.
Unloading 2234 Unused Serialized files (Serialized files now loaded: 0)
System memory in use before: 198.7 MB.
System memory in use after: 198.8 MB.

Unloading 21 unused Assets to reduce memory usage. Loaded Objects now: 2785.
Total: 2.767041 ms (FindLiveObjects: 0.356425 ms CreateObjectMapping: 0.114726 ms MarkObjects: 2.165429 ms  DeleteObjects: 0.129427 ms)

AssetImportParameters requested are different than current active one (requested -> active):
  custom:video-decoder-ogg-theora: a1e56fd34408186e4bbccfd4996cb3dc -> 
  custom:container-muxer-webm: aa71ff27fc2769a1b78a27578f13a17b -> 
  custom:container-demuxer-webm: 4f35f7cbe854078d1ac9338744f61a02 -> 
  custom:container-demuxer-ogg: 62fdf1f143b41e24485cea50d1cbac27 -> 
  custom:video-encoder-webm-vp8: eb34c28f22e8b96e1ab97ce403110664 -> 
  custom:framework-osx-AVFoundation: e770b220cccbd017edd2c1fefb359320 -> 
  custom:video-decoder-webm-vp8: 9c59270c3fd7afecdb556c50c9e8de78 -> 
  custom:audio-decoder-ogg-vorbis: bf7c407c2cedff20999df2af8eb42d56 -> 
  custom:audio-encoder-webm-vorbis: bf7c407c2cedff20999df2af8eb42d56 -> 
========================================================================
Received Prepare
Registering precompiled user dll's ...
Registered in 0.004719 seconds.
Begin MonoManager ReloadAssembly
Native extension for OSXStandalone target not found
Native extension for WebGL target not found
Refreshing native plugins compatible for Editor in 0.49 ms, found 3 plugins.
Preloading 0 native plugins for Editor in 0.00 ms.
Mono: successfully reloaded assembly
- Completed reload, in  1.490 seconds
Domain Reload Profiling:
	ReloadAssembly (1491ms)
		BeginReloadAssembly (156ms)
			ExecutionOrderSort (0ms)
			DisableScriptedObjects (8ms)
			BackupInstance (0ms)
			ReleaseScriptingObjects (0ms)
			CreateAndSetChildDomain (82ms)
		EndReloadAssembly (1257ms)
			LoadAssemblies (136ms)
			RebuildTransferFunctionScriptingTraits (0ms)
			SetupTypeCache (420ms)
			ReleaseScriptCaches (1ms)
			RebuildScriptCaches (75ms)
			SetupLoadedEditorAssemblies (463ms)
				LogAssemblyErrors (0ms)
				InitializePlatformSupportModulesInManaged (7ms)
				SetLoadedEditorAssemblies (1ms)
				RefreshPlugins (1ms)
				BeforeProcessingInitializeOnLoad (106ms)
				ProcessInitializeOnLoadAttributes (340ms)
				ProcessInitializeOnLoadMethodAttributes (7ms)
				AfterProcessingInitializeOnLoad (2ms)
				EditorAssembliesLoaded (0ms)
			ExecutionOrderSort2 (0ms)
			AwakeInstancesAfterBackupRestoration (14ms)
Platform modules already initialized, skipping
Refreshing native plugins compatible for Editor in 0.48 ms, found 3 plugins.
Preloading 0 native plugins for Editor in 0.00 ms.
Unloading 2234 Unused Serialized files (Serialized files now loaded: 0)
System memory in use before: 199.1 MB.
System memory in use after: 199.2 MB.

Unloading 21 unused Assets to reduce memory usage. Loaded Objects now: 2789.
Total: 2.441996 ms (FindLiveObjects: 0.248507 ms CreateObjectMapping: 0.085957 ms MarkObjects: 1.976576 ms  DeleteObjects: 0.130135 ms)

AssetImportParameters requested are different than current active one (requested -> active):
  custom:video-decoder-ogg-theora: a1e56fd34408186e4bbccfd4996cb3dc -> 
  custom:container-muxer-webm: aa71ff27fc2769a1b78a27578f13a17b -> 
  custom:container-demuxer-webm: 4f35f7cbe854078d1ac9338744f61a02 -> 
  custom:container-demuxer-ogg: 62fdf1f143b41e24485cea50d1cbac27 -> 
  custom:video-encoder-webm-vp8: eb34c28f22e8b96e1ab97ce403110664 -> 
  custom:framework-osx-AVFoundation: e770b220cccbd017edd2c1fefb359320 -> 
  custom:video-decoder-webm-vp8: 9c59270c3fd7afecdb556c50c9e8de78 -> 
  custom:audio-decoder-ogg-vorbis: bf7c407c2cedff20999df2af8eb42d56 -> 
  custom:audio-encoder-webm-vorbis: bf7c407c2cedff20999df2af8eb42d56 -> 
========================================================================
Received Prepare
Registering precompiled user dll's ...
Registered in 0.008733 seconds.
Begin MonoManager ReloadAssembly
Native extension for OSXStandalone target not found
Native extension for WebGL target not found
Refreshing native plugins compatible for Editor in 0.53 ms, found 3 plugins.
Preloading 0 native plugins for Editor in 0.00 ms.
Mono: successfully reloaded assembly
- Completed reload, in  1.548 seconds
Domain Reload Profiling:
	ReloadAssembly (1548ms)
		BeginReloadAssembly (182ms)
			ExecutionOrderSort (0ms)
			DisableScriptedObjects (9ms)
			BackupInstance (0ms)
			ReleaseScriptingObjects (0ms)
			CreateAndSetChildDomain (98ms)
		EndReloadAssembly (1284ms)
			LoadAssemblies (173ms)
			RebuildTransferFunctionScriptingTraits (0ms)
			SetupTypeCache (434ms)
			ReleaseScriptCaches (1ms)
			RebuildScriptCaches (80ms)
			SetupLoadedEditorAssemblies (434ms)
				LogAssemblyErrors (0ms)
				InitializePlatformSupportModulesInManaged (8ms)
				SetLoadedEditorAssemblies (1ms)
				RefreshPlugins (1ms)
				BeforeProcessingInitializeOnLoad (105ms)
				ProcessInitializeOnLoadAttributes (311ms)
				ProcessInitializeOnLoadMethodAttributes (7ms)
				AfterProcessingInitializeOnLoad (2ms)
				EditorAssembliesLoaded (0ms)
			ExecutionOrderSort2 (0ms)
			AwakeInstancesAfterBackupRestoration (13ms)
Platform modules already initialized, skipping
Refreshing native plugins compatible for Editor in 0.53 ms, found 3 plugins.
Preloading 0 native plugins for Editor in 0.00 ms.
Unloading 2234 Unused Serialized files (Serialized files now loaded: 0)
System memory in use before: 199.3 MB.
System memory in use after: 199.5 MB.

Unloading 21 unused Assets to reduce memory usage. Loaded Objects now: 2793.
Total: 2.695105 ms (FindLiveObjects: 0.263861 ms CreateObjectMapping: 0.092851 ms MarkObjects: 2.216457 ms  DeleteObjects: 0.120910 ms)

AssetImportParameters requested are different than current active one (requested -> active):
  custom:video-decoder-ogg-theora: a1e56fd34408186e4bbccfd4996cb3dc -> 
  custom:container-muxer-webm: aa71ff27fc2769a1b78a27578f13a17b -> 
  custom:container-demuxer-webm: 4f35f7cbe854078d1ac9338744f61a02 -> 
  custom:container-demuxer-ogg: 62fdf1f143b41e24485cea50d1cbac27 -> 
  custom:video-encoder-webm-vp8: eb34c28f22e8b96e1ab97ce403110664 -> 
  custom:framework-osx-AVFoundation: e770b220cccbd017edd2c1fefb359320 -> 
  custom:video-decoder-webm-vp8: 9c59270c3fd7afecdb556c50c9e8de78 -> 
  custom:audio-decoder-ogg-vorbis: bf7c407c2cedff20999df2af8eb42d56 -> 
  custom:audio-encoder-webm-vorbis: bf7c407c2cedff20999df2af8eb42d56 -> 
========================================================================
Received Import Request.
  Time since last request: 2052.674025 seconds.
  path: Assets/Scripts/Courotines.cs
  artifactKey: Guid(ee47d766cfb9c4972b46f69d89cf9d9c) Importer(815301076,1909f56bfc062723c751e8b465ee728b)
Start importing Assets/Scripts/Courotines.cs using Guid(ee47d766cfb9c4972b46f69d89cf9d9c) Importer(815301076,1909f56bfc062723c751e8b465ee728b)  -> (artifact id: '1bfa9bb0f84ba7c9eed2af0bb80aa1d9') in 4.058297 seconds 
  Import took 4.065431 seconds .

========================================================================
Received Prepare
Registering precompiled user dll's ...
Registered in 0.003401 seconds.
Begin MonoManager ReloadAssembly
Native extension for OSXStandalone target not found
Native extension for WebGL target not found
Refreshing native plugins compatible for Editor in 0.55 ms, found 3 plugins.
Preloading 0 native plugins for Editor in 0.00 ms.
Mono: successfully reloaded assembly
- Completed reload, in  2.581 seconds
Domain Reload Profiling:
	ReloadAssembly (2581ms)
		BeginReloadAssembly (178ms)
			ExecutionOrderSort (0ms)
			DisableScriptedObjects (10ms)
			BackupInstance (0ms)
			ReleaseScriptingObjects (0ms)
			CreateAndSetChildDomain (93ms)
		EndReloadAssembly (2312ms)
			LoadAssemblies (101ms)
			RebuildTransferFunctionScriptingTraits (0ms)
			SetupTypeCache (845ms)
			ReleaseScriptCaches (1ms)
			RebuildScriptCaches (101ms)
			SetupLoadedEditorAssemblies (964ms)
				LogAssemblyErrors (0ms)
				InitializePlatformSupportModulesInManaged (7ms)
				SetLoadedEditorAssemblies (1ms)
				RefreshPlugins (1ms)
				BeforeProcessingInitializeOnLoad (547ms)
				ProcessInitializeOnLoadAttributes (396ms)
				ProcessInitializeOnLoadMethodAttributes (10ms)
				AfterProcessingInitializeOnLoad (2ms)
				EditorAssembliesLoaded (0ms)
			ExecutionOrderSort2 (0ms)
			AwakeInstancesAfterBackupRestoration (56ms)
Platform modules already initialized, skipping
Refreshing native plugins compatible for Editor in 1.52 ms, found 3 plugins.
Preloading 0 native plugins for Editor in 0.00 ms.
Unloading 2235 Unused Serialized files (Serialized files now loaded: 0)
System memory in use before: 203.8 MB.
System memory in use after: 203.9 MB.

Unloading 21 unused Assets to reduce memory usage. Loaded Objects now: 2798.
Total: 3.109687 ms (FindLiveObjects: 0.277569 ms CreateObjectMapping: 0.096540 ms MarkObjects: 2.605233 ms  DeleteObjects: 0.129027 ms)

AssetImportParameters requested are different than current active one (requested -> active):
  custom:video-decoder-ogg-theora: a1e56fd34408186e4bbccfd4996cb3dc -> 
  custom:container-muxer-webm: aa71ff27fc2769a1b78a27578f13a17b -> 
  custom:container-demuxer-webm: 4f35f7cbe854078d1ac9338744f61a02 -> 
  custom:container-demuxer-ogg: 62fdf1f143b41e24485cea50d1cbac27 -> 
  custom:video-encoder-webm-vp8: eb34c28f22e8b96e1ab97ce403110664 -> 
  custom:framework-osx-AVFoundation: e770b220cccbd017edd2c1fefb359320 -> 
  custom:video-decoder-webm-vp8: 9c59270c3fd7afecdb556c50c9e8de78 -> 
  custom:audio-decoder-ogg-vorbis: bf7c407c2cedff20999df2af8eb42d56 -> 
  custom:audio-encoder-webm-vorbis: bf7c407c2cedff20999df2af8eb42d56 -> 
========================================================================
Received Import Request.
  Time since last request: 24.702396 seconds.
  path: Assets/Scripts/Coroutines.cs
  artifactKey: Guid(ee47d766cfb9c4972b46f69d89cf9d9c) Importer(815301076,1909f56bfc062723c751e8b465ee728b)
Start importing Assets/Scripts/Coroutines.cs using Guid(ee47d766cfb9c4972b46f69d89cf9d9c) Importer(815301076,1909f56bfc062723c751e8b465ee728b)  -> (artifact id: 'cb22db2645a8d3b4dabf5e5ddaefabe4') in 0.007243 seconds 
  Import took 0.018411 seconds .

========================================================================
Received Prepare
Registering precompiled user dll's ...
Registered in 0.003464 seconds.
Begin MonoManager ReloadAssembly
Native extension for OSXStandalone target not found
Native extension for WebGL target not found
Refreshing native plugins compatible for Editor in 0.51 ms, found 3 plugins.
Preloading 0 native plugins for Editor in 0.00 ms.
Mono: successfully reloaded assembly
- Completed reload, in  1.381 seconds
Domain Reload Profiling:
	ReloadAssembly (1381ms)
		BeginReloadAssembly (156ms)
			ExecutionOrderSort (0ms)
			DisableScriptedObjects (8ms)
			BackupInstance (0ms)
			ReleaseScriptingObjects (0ms)
			CreateAndSetChildDomain (79ms)
		EndReloadAssembly (1147ms)
			LoadAssemblies (92ms)
			RebuildTransferFunctionScriptingTraits (0ms)
			SetupTypeCache (404ms)
			ReleaseScriptCaches (1ms)
			RebuildScriptCaches (73ms)
			SetupLoadedEditorAssemblies (419ms)
				LogAssemblyErrors (0ms)
				InitializePlatformSupportModulesInManaged (8ms)
				SetLoadedEditorAssemblies (1ms)
				RefreshPlugins (1ms)
				BeforeProcessingInitializeOnLoad (106ms)
				ProcessInitializeOnLoadAttributes (295ms)
				ProcessInitializeOnLoadMethodAttributes (7ms)
				AfterProcessingInitializeOnLoad (2ms)
				EditorAssembliesLoaded (0ms)
			ExecutionOrderSort2 (0ms)
			AwakeInstancesAfterBackupRestoration (14ms)
Platform modules already initialized, skipping
Refreshing native plugins compatible for Editor in 0.50 ms, found 3 plugins.
Preloading 0 native plugins for Editor in 0.00 ms.
Unloading 2235 Unused Serialized files (Serialized files now loaded: 0)
System memory in use before: 204.1 MB.
System memory in use after: 204.2 MB.

Unloading 21 unused Assets to reduce memory usage. Loaded Objects now: 2802.
Total: 2.302243 ms (FindLiveObjects: 0.236190 ms CreateObjectMapping: 0.082039 ms MarkObjects: 1.886877 ms  DeleteObjects: 0.096222 ms)

AssetImportParameters requested are different than current active one (requested -> active):
  custom:video-decoder-ogg-theora: a1e56fd34408186e4bbccfd4996cb3dc -> 
  custom:container-muxer-webm: aa71ff27fc2769a1b78a27578f13a17b -> 
  custom:container-demuxer-webm: 4f35f7cbe854078d1ac9338744f61a02 -> 
  custom:container-demuxer-ogg: 62fdf1f143b41e24485cea50d1cbac27 -> 
  custom:video-encoder-webm-vp8: eb34c28f22e8b96e1ab97ce403110664 -> 
  custom:framework-osx-AVFoundation: e770b220cccbd017edd2c1fefb359320 -> 
  custom:video-decoder-webm-vp8: 9c59270c3fd7afecdb556c50c9e8de78 -> 
  custom:audio-decoder-ogg-vorbis: bf7c407c2cedff20999df2af8eb42d56 -> 
  custom:audio-encoder-webm-vorbis: bf7c407c2cedff20999df2af8eb42d56 -> 
========================================================================
Received Prepare
Registering precompiled user dll's ...
Registered in 0.008473 seconds.
Begin MonoManager ReloadAssembly
Native extension for OSXStandalone target not found
Native extension for WebGL target not found
Refreshing native plugins compatible for Editor in 0.58 ms, found 3 plugins.
Preloading 0 native plugins for Editor in 0.00 ms.
Mono: successfully reloaded assembly
- Completed reload, in  1.665 seconds
Domain Reload Profiling:
	ReloadAssembly (1668ms)
		BeginReloadAssembly (265ms)
			ExecutionOrderSort (0ms)
			DisableScriptedObjects (21ms)
			BackupInstance (0ms)
			ReleaseScriptingObjects (0ms)
			CreateAndSetChildDomain (149ms)
		EndReloadAssembly (1320ms)
			LoadAssemblies (189ms)
			RebuildTransferFunctionScriptingTraits (0ms)
			SetupTypeCache (459ms)
			ReleaseScriptCaches (1ms)
			RebuildScriptCaches (74ms)
			SetupLoadedEditorAssemblies (439ms)
				LogAssemblyErrors (0ms)
				InitializePlatformSupportModulesInManaged (8ms)
				SetLoadedEditorAssemblies (1ms)
				RefreshPlugins (1ms)
				BeforeProcessingInitializeOnLoad (108ms)
				ProcessInitializeOnLoadAttributes (313ms)
				ProcessInitializeOnLoadMethodAttributes (7ms)
				AfterProcessingInitializeOnLoad (2ms)
				EditorAssembliesLoaded (0ms)
			ExecutionOrderSort2 (0ms)
			AwakeInstancesAfterBackupRestoration (14ms)
Platform modules already initialized, skipping
Refreshing native plugins compatible for Editor in 0.64 ms, found 3 plugins.
Preloading 0 native plugins for Editor in 0.00 ms.
Unloading 2270 Unused Serialized files (Serialized files now loaded: 0)
System memory in use before: 205.9 MB.
System memory in use after: 206.0 MB.

Unloading 22 unused Assets to reduce memory usage. Loaded Objects now: 2840.
Total: 2.827229 ms (FindLiveObjects: 0.394109 ms CreateObjectMapping: 0.081404 ms MarkObjects: 2.204823 ms  DeleteObjects: 0.145819 ms)

AssetImportParameters requested are different than current active one (requested -> active):
  custom:video-decoder-ogg-theora: a1e56fd34408186e4bbccfd4996cb3dc -> 
  custom:container-muxer-webm: aa71ff27fc2769a1b78a27578f13a17b -> 
  custom:container-demuxer-webm: 4f35f7cbe854078d1ac9338744f61a02 -> 
  custom:container-demuxer-ogg: 62fdf1f143b41e24485cea50d1cbac27 -> 
  custom:video-encoder-webm-vp8: eb34c28f22e8b96e1ab97ce403110664 -> 
  custom:framework-osx-AVFoundation: e770b220cccbd017edd2c1fefb359320 -> 
  custom:video-decoder-webm-vp8: 9c59270c3fd7afecdb556c50c9e8de78 -> 
  custom:audio-decoder-ogg-vorbis: bf7c407c2cedff20999df2af8eb42d56 -> 
  custom:audio-encoder-webm-vorbis: bf7c407c2cedff20999df2af8eb42d56 -> 
========================================================================
Received Import Request.
  Time since last request: 618.820168 seconds.
  path: Assets/Scripts/StartAnimation.cs
  artifactKey: Guid(d5ec3e09f09ca482b80fdb3eb7f68ebf) Importer(815301076,1909f56bfc062723c751e8b465ee728b)
Start importing Assets/Scripts/StartAnimation.cs using Guid(d5ec3e09f09ca482b80fdb3eb7f68ebf) Importer(815301076,1909f56bfc062723c751e8b465ee728b)  -> (artifact id: 'f94d26bab9739ba871ad9b458d5de927') in 0.034518 seconds 
  Import took 0.050009 seconds .

========================================================================
Received Import Request.
  Time since last request: 0.399974 seconds.
  path: Assets/Scripts/SpawnObstacles.cs
  artifactKey: Guid(1c79b88d363774bba9b7228499c28838) Importer(815301076,1909f56bfc062723c751e8b465ee728b)
Start importing Assets/Scripts/SpawnObstacles.cs using Guid(1c79b88d363774bba9b7228499c28838) Importer(815301076,1909f56bfc062723c751e8b465ee728b)  -> (artifact id: 'accfcf0be2b2cada1032e060ec0521ca') in 0.002526 seconds 
  Import took 0.009511 seconds .

========================================================================
Received Import Request.
  Time since last request: 22.763800 seconds.
  path: Assets/LeanTween/Documentation/assets
  artifactKey: Guid(cb26df1b849af495bbce0f91bac5a3f7) Importer(815301076,1909f56bfc062723c751e8b465ee728b)
Start importing Assets/LeanTween/Documentation/assets using Guid(cb26df1b849af495bbce0f91bac5a3f7) Importer(815301076,1909f56bfc062723c751e8b465ee728b)  -> (artifact id: 'ca58fb3a8c2f0d5fd2ef652fecfc6552') in 0.002338 seconds 
  Import took 0.007154 seconds .

========================================================================
Received Import Request.
  Time since last request: 1.592156 seconds.
  path: Assets/LeanTween/Documentation/assets/favicon.ico
  artifactKey: Guid(751c9ec47ccc246ae9845f7503545585) Importer(815301076,1909f56bfc062723c751e8b465ee728b)
Start importing Assets/LeanTween/Documentation/assets/favicon.ico using Guid(751c9ec47ccc246ae9845f7503545585) Importer(815301076,1909f56bfc062723c751e8b465ee728b)  -> (artifact id: '3d305a96808373f8268e7f9e8685c5b9') in 0.891549 seconds 
  Import took 0.897214 seconds .

========================================================================
Received Import Request.
  Time since last request: 13.512622 seconds.
  path: Assets/LeanTween/Documentation/elements
  artifactKey: Guid(932507f3c60bb4fcea847cba753363b8) Importer(815301076,1909f56bfc062723c751e8b465ee728b)
Start importing Assets/LeanTween/Documentation/elements using Guid(932507f3c60bb4fcea847cba753363b8) Importer(815301076,1909f56bfc062723c751e8b465ee728b)  -> (artifact id: 'e39046ca4996ecf99186a28908114bd0') in 0.003261 seconds 
  Import took 0.009092 seconds .

========================================================================
Received Import Request.
  Time since last request: 1.613449 seconds.
  path: Assets/LeanTween/Documentation/classes
  artifactKey: Guid(d4bb1e3d3bec8431a82cb033f38b4ceb) Importer(815301076,1909f56bfc062723c751e8b465ee728b)
Start importing Assets/LeanTween/Documentation/classes using Guid(d4bb1e3d3bec8431a82cb033f38b4ceb) Importer(815301076,1909f56bfc062723c751e8b465ee728b)  -> (artifact id: '1f9cf837132e78af50bf30d0a7aa5260') in 0.001757 seconds 
  Import took 0.007154 seconds .

========================================================================
Received Import Request.
  Time since last request: 2.027643 seconds.
  path: Assets/LeanTween/Documentation/classes/LeanAudioOptions.html
  artifactKey: Guid(ff952359765254c20b97874f5949c0d7) Importer(815301076,1909f56bfc062723c751e8b465ee728b)
Start importing Assets/LeanTween/Documentation/classes/LeanAudioOptions.html using Guid(ff952359765254c20b97874f5949c0d7) Importer(815301076,1909f56bfc062723c751e8b465ee728b)  -> (artifact id: '71a7921d588ada1e50a756a44e57ff8b') in 3.245659 seconds 
  Import took 3.250897 seconds .

========================================================================
Received Import Request.
  Time since last request: 0.000255 seconds.
  path: Assets/LeanTween/Documentation/classes/LeanSmooth.html
  artifactKey: Guid(e988e3f0c183c44c29adbd5e82d6fd87) Importer(815301076,1909f56bfc062723c751e8b465ee728b)
Start importing Assets/LeanTween/Documentation/classes/LeanSmooth.html using Guid(e988e3f0c183c44c29adbd5e82d6fd87) Importer(815301076,1909f56bfc062723c751e8b465ee728b)  -> (artifact id: '00ada509703e54d80de54175ffbbc58a') in 0.003662 seconds 
  Import took 0.007393 seconds .

========================================================================
Received Import Request.
  Time since last request: 0.000349 seconds.
  path: Assets/LeanTween/Documentation/classes/LeanTween.html
  artifactKey: Guid(beea01b16f84c4f18a168afa5800b612) Importer(815301076,1909f56bfc062723c751e8b465ee728b)
Start importing Assets/LeanTween/Documentation/classes/LeanTween.html using Guid(beea01b16f84c4f18a168afa5800b612) Importer(815301076,1909f56bfc062723c751e8b465ee728b)  -> (artifact id: '3da614d85f29c7cf1b235780e4f8183f') in 0.004017 seconds 
  Import took 0.008662 seconds .

========================================================================
Received Import Request.
  Time since last request: 0.289449 seconds.
  path: Assets/LeanTween/Documentation/classes/LeanTweenType.html
  artifactKey: Guid(85c97d3850f59444cb0751b3bc40b06d) Importer(815301076,1909f56bfc062723c751e8b465ee728b)
Start importing Assets/LeanTween/Documentation/classes/LeanTweenType.html using Guid(85c97d3850f59444cb0751b3bc40b06d) Importer(815301076,1909f56bfc062723c751e8b465ee728b)  -> (artifact id: 'e5a7d74d98f5914b0d559ddcfb722cb9') in 0.003385 seconds 
  Import took 0.007851 seconds .

========================================================================
Received Import Request.
  Time since last request: 0.608194 seconds.
  path: Assets/LeanTween/Documentation/classes/LTBezierPath.html
  artifactKey: Guid(f7b721e4275c14b53a73241b9d0b256f) Importer(815301076,1909f56bfc062723c751e8b465ee728b)
Start importing Assets/LeanTween/Documentation/classes/LTBezierPath.html using Guid(f7b721e4275c14b53a73241b9d0b256f) Importer(815301076,1909f56bfc062723c751e8b465ee728b)  -> (artifact id: '3a72d54ec17e895f3eda0908e2e0b248') in 0.003044 seconds 
  Import took 0.008209 seconds .

========================================================================
Received Prepare
Registering precompiled user dll's ...
Registered in 0.006101 seconds.
Begin MonoManager ReloadAssembly
Native extension for OSXStandalone target not found
Native extension for WebGL target not found
Refreshing native plugins compatible for Editor in 0.59 ms, found 3 plugins.
Preloading 0 native plugins for Editor in 0.00 ms.
Mono: successfully reloaded assembly
- Completed reload, in  1.470 seconds
Domain Reload Profiling:
	ReloadAssembly (1471ms)
		BeginReloadAssembly (206ms)
			ExecutionOrderSort (0ms)
			DisableScriptedObjects (12ms)
			BackupInstance (0ms)
			ReleaseScriptingObjects (0ms)
			CreateAndSetChildDomain (121ms)
		EndReloadAssembly (1180ms)
			LoadAssemblies (106ms)
			RebuildTransferFunctionScriptingTraits (0ms)
			SetupTypeCache (458ms)
			ReleaseScriptCaches (1ms)
			RebuildScriptCaches (71ms)
			SetupLoadedEditorAssemblies (396ms)
				LogAssemblyErrors (0ms)
				InitializePlatformSupportModulesInManaged (7ms)
				SetLoadedEditorAssemblies (1ms)
				RefreshPlugins (1ms)
				BeforeProcessingInitializeOnLoad (96ms)
				ProcessInitializeOnLoadAttributes (283ms)
				ProcessInitializeOnLoadMethodAttributes (7ms)
				AfterProcessingInitializeOnLoad (2ms)
				EditorAssembliesLoaded (0ms)
			ExecutionOrderSort2 (0ms)
			AwakeInstancesAfterBackupRestoration (14ms)
Platform modules already initialized, skipping
Refreshing native plugins compatible for Editor in 0.48 ms, found 3 plugins.
Preloading 0 native plugins for Editor in 0.00 ms.
Unloading 2270 Unused Serialized files (Serialized files now loaded: 0)
System memory in use before: 214.7 MB.
System memory in use after: 214.8 MB.

Unloading 22 unused Assets to reduce memory usage. Loaded Objects now: 2844.
Total: 2.492731 ms (FindLiveObjects: 0.311628 ms CreateObjectMapping: 0.084786 ms MarkObjects: 1.957807 ms  DeleteObjects: 0.137496 ms)

AssetImportParameters requested are different than current active one (requested -> active):
  custom:video-decoder-ogg-theora: a1e56fd34408186e4bbccfd4996cb3dc -> 
  custom:container-muxer-webm: aa71ff27fc2769a1b78a27578f13a17b -> 
  custom:container-demuxer-webm: 4f35f7cbe854078d1ac9338744f61a02 -> 
  custom:container-demuxer-ogg: 62fdf1f143b41e24485cea50d1cbac27 -> 
  custom:video-encoder-webm-vp8: eb34c28f22e8b96e1ab97ce403110664 -> 
  custom:framework-osx-AVFoundation: e770b220cccbd017edd2c1fefb359320 -> 
  custom:video-decoder-webm-vp8: 9c59270c3fd7afecdb556c50c9e8de78 -> 
  custom:audio-decoder-ogg-vorbis: bf7c407c2cedff20999df2af8eb42d56 -> 
  custom:audio-encoder-webm-vorbis: bf7c407c2cedff20999df2af8eb42d56 -> 
========================================================================
Received Import Request.
  Time since last request: 254.946324 seconds.
  path: Assets/Scripts/PulseText.cs
  artifactKey: Guid(b25b6a4d914724c5ab4214fe9a20bb8b) Importer(815301076,1909f56bfc062723c751e8b465ee728b)
Start importing Assets/Scripts/PulseText.cs using Guid(b25b6a4d914724c5ab4214fe9a20bb8b) Importer(815301076,1909f56bfc062723c751e8b465ee728b)  -> (artifact id: '36720685a93ed15618baaac54ae2093b') in 0.070988 seconds 
  Import took 0.105553 seconds .

========================================================================
Received Import Request.
  Time since last request: 6.703922 seconds.
  path: Assets/Scripts/StartGame.cs
  artifactKey: Guid(b25b6a4d914724c5ab4214fe9a20bb8b) Importer(815301076,1909f56bfc062723c751e8b465ee728b)
Start importing Assets/Scripts/StartGame.cs using Guid(b25b6a4d914724c5ab4214fe9a20bb8b) Importer(815301076,1909f56bfc062723c751e8b465ee728b)  -> (artifact id: '9a352cc5c41009ca61d684d0de4186b3') in 0.002083 seconds 
  Import took 0.007169 seconds .

========================================================================
Received Prepare
Registering precompiled user dll's ...
Registered in 0.004381 seconds.
Begin MonoManager ReloadAssembly
Native extension for OSXStandalone target not found
Native extension for WebGL target not found
Refreshing native plugins compatible for Editor in 0.57 ms, found 3 plugins.
Preloading 0 native plugins for Editor in 0.00 ms.
Mono: successfully reloaded assembly
- Completed reload, in  2.037 seconds
Domain Reload Profiling:
	ReloadAssembly (2039ms)
		BeginReloadAssembly (261ms)
			ExecutionOrderSort (0ms)
			DisableScriptedObjects (17ms)
			BackupInstance (0ms)
			ReleaseScriptingObjects (0ms)
			CreateAndSetChildDomain (141ms)
		EndReloadAssembly (1672ms)
			LoadAssemblies (186ms)
			RebuildTransferFunctionScriptingTraits (0ms)
			SetupTypeCache (469ms)
			ReleaseScriptCaches (3ms)
			RebuildScriptCaches (130ms)
			SetupLoadedEditorAssemblies (675ms)
				LogAssemblyErrors (0ms)
				InitializePlatformSupportModulesInManaged (45ms)
				SetLoadedEditorAssemblies (1ms)
				RefreshPlugins (1ms)
				BeforeProcessingInitializeOnLoad (218ms)
				ProcessInitializeOnLoadAttributes (399ms)
				ProcessInitializeOnLoadMethodAttributes (8ms)
				AfterProcessingInitializeOnLoad (2ms)
				EditorAssembliesLoaded (0ms)
			ExecutionOrderSort2 (0ms)
			AwakeInstancesAfterBackupRestoration (16ms)
Platform modules already initialized, skipping
Refreshing native plugins compatible for Editor in 0.53 ms, found 3 plugins.
Preloading 0 native plugins for Editor in 0.00 ms.
Unloading 2270 Unused Serialized files (Serialized files now loaded: 0)
System memory in use before: 215.1 MB.
System memory in use after: 215.2 MB.

Unloading 22 unused Assets to reduce memory usage. Loaded Objects now: 2848.
Total: 3.053788 ms (FindLiveObjects: 0.366881 ms CreateObjectMapping: 0.095169 ms MarkObjects: 2.429347 ms  DeleteObjects: 0.161340 ms)

AssetImportParameters requested are different than current active one (requested -> active):
  custom:video-decoder-ogg-theora: a1e56fd34408186e4bbccfd4996cb3dc -> 
  custom:container-muxer-webm: aa71ff27fc2769a1b78a27578f13a17b -> 
  custom:container-demuxer-webm: 4f35f7cbe854078d1ac9338744f61a02 -> 
  custom:container-demuxer-ogg: 62fdf1f143b41e24485cea50d1cbac27 -> 
  custom:video-encoder-webm-vp8: eb34c28f22e8b96e1ab97ce403110664 -> 
  custom:framework-osx-AVFoundation: e770b220cccbd017edd2c1fefb359320 -> 
  custom:video-decoder-webm-vp8: 9c59270c3fd7afecdb556c50c9e8de78 -> 
  custom:audio-decoder-ogg-vorbis: bf7c407c2cedff20999df2af8eb42d56 -> 
  custom:audio-encoder-webm-vorbis: bf7c407c2cedff20999df2af8eb42d56 -> 
========================================================================
Received Import Request.
  Time since last request: 93.113863 seconds.
  path: Assets/Scripts/StartGame.cs
  artifactKey: Guid(b25b6a4d914724c5ab4214fe9a20bb8b) Importer(815301076,1909f56bfc062723c751e8b465ee728b)
Start importing Assets/Scripts/StartGame.cs using Guid(b25b6a4d914724c5ab4214fe9a20bb8b) Importer(815301076,1909f56bfc062723c751e8b465ee728b)  -> (artifact id: 'f4c17cc6c33a1b07997eab7f8cd6c85f') in 0.015576 seconds 
  Import took 0.026061 seconds .

========================================================================
Received Prepare
Registering precompiled user dll's ...
Registered in 0.003636 seconds.
Begin MonoManager ReloadAssembly
Native extension for OSXStandalone target not found
Native extension for WebGL target not found
Refreshing native plugins compatible for Editor in 0.48 ms, found 3 plugins.
Preloading 0 native plugins for Editor in 0.00 ms.
Mono: successfully reloaded assembly
- Completed reload, in  1.375 seconds
Domain Reload Profiling:
	ReloadAssembly (1376ms)
		BeginReloadAssembly (163ms)
			ExecutionOrderSort (0ms)
			DisableScriptedObjects (8ms)
			BackupInstance (0ms)
			ReleaseScriptingObjects (0ms)
			CreateAndSetChildDomain (88ms)
		EndReloadAssembly (1133ms)
			LoadAssemblies (92ms)
			RebuildTransferFunctionScriptingTraits (0ms)
			SetupTypeCache (418ms)
			ReleaseScriptCaches (1ms)
			RebuildScriptCaches (74ms)
			SetupLoadedEditorAssemblies (397ms)
				LogAssemblyErrors (0ms)
				InitializePlatformSupportModulesInManaged (7ms)
				SetLoadedEditorAssemblies (1ms)
				RefreshPlugins (1ms)
				BeforeProcessingInitializeOnLoad (94ms)
				ProcessInitializeOnLoadAttributes (287ms)
				ProcessInitializeOnLoadMethodAttributes (7ms)
				AfterProcessingInitializeOnLoad (1ms)
				EditorAssembliesLoaded (0ms)
			ExecutionOrderSort2 (0ms)
			AwakeInstancesAfterBackupRestoration (13ms)
Platform modules already initialized, skipping
Refreshing native plugins compatible for Editor in 0.48 ms, found 3 plugins.
Preloading 0 native plugins for Editor in 0.00 ms.
Unloading 2270 Unused Serialized files (Serialized files now loaded: 0)
System memory in use before: 215.4 MB.
System memory in use after: 215.5 MB.

Unloading 22 unused Assets to reduce memory usage. Loaded Objects now: 2852.
Total: 2.479663 ms (FindLiveObjects: 0.325390 ms CreateObjectMapping: 0.087028 ms MarkObjects: 1.950678 ms  DeleteObjects: 0.115694 ms)

AssetImportParameters requested are different than current active one (requested -> active):
  custom:video-decoder-ogg-theora: a1e56fd34408186e4bbccfd4996cb3dc -> 
  custom:container-muxer-webm: aa71ff27fc2769a1b78a27578f13a17b -> 
  custom:container-demuxer-webm: 4f35f7cbe854078d1ac9338744f61a02 -> 
  custom:container-demuxer-ogg: 62fdf1f143b41e24485cea50d1cbac27 -> 
  custom:video-encoder-webm-vp8: eb34c28f22e8b96e1ab97ce403110664 -> 
  custom:framework-osx-AVFoundation: e770b220cccbd017edd2c1fefb359320 -> 
  custom:video-decoder-webm-vp8: 9c59270c3fd7afecdb556c50c9e8de78 -> 
  custom:audio-decoder-ogg-vorbis: bf7c407c2cedff20999df2af8eb42d56 -> 
  custom:audio-encoder-webm-vorbis: bf7c407c2cedff20999df2af8eb42d56 -> 
========================================================================
Received Prepare
Registering precompiled user dll's ...
Registered in 0.004441 seconds.
Begin MonoManager ReloadAssembly
Native extension for OSXStandalone target not found
Native extension for WebGL target not found
Refreshing native plugins compatible for Editor in 0.50 ms, found 3 plugins.
Preloading 0 native plugins for Editor in 0.00 ms.
Mono: successfully reloaded assembly
- Completed reload, in  1.373 seconds
Domain Reload Profiling:
	ReloadAssembly (1374ms)
		BeginReloadAssembly (172ms)
			ExecutionOrderSort (0ms)
			DisableScriptedObjects (9ms)
			BackupInstance (0ms)
			ReleaseScriptingObjects (0ms)
			CreateAndSetChildDomain (94ms)
		EndReloadAssembly (1125ms)
			LoadAssemblies (97ms)
			RebuildTransferFunctionScriptingTraits (0ms)
			SetupTypeCache (415ms)
			ReleaseScriptCaches (1ms)
			RebuildScriptCaches (74ms)
			SetupLoadedEditorAssemblies (392ms)
				LogAssemblyErrors (0ms)
				InitializePlatformSupportModulesInManaged (7ms)
				SetLoadedEditorAssemblies (1ms)
				RefreshPlugins (1ms)
				BeforeProcessingInitializeOnLoad (93ms)
				ProcessInitializeOnLoadAttributes (282ms)
				ProcessInitializeOnLoadMethodAttributes (7ms)
				AfterProcessingInitializeOnLoad (3ms)
				EditorAssembliesLoaded (0ms)
			ExecutionOrderSort2 (0ms)
			AwakeInstancesAfterBackupRestoration (14ms)
Platform modules already initialized, skipping
Refreshing native plugins compatible for Editor in 0.49 ms, found 3 plugins.
Preloading 0 native plugins for Editor in 0.00 ms.
Unloading 2270 Unused Serialized files (Serialized files now loaded: 0)
System memory in use before: 215.6 MB.
System memory in use after: 215.7 MB.

Unloading 22 unused Assets to reduce memory usage. Loaded Objects now: 2856.
Total: 2.542134 ms (FindLiveObjects: 0.300809 ms CreateObjectMapping: 0.083802 ms MarkObjects: 2.035483 ms  DeleteObjects: 0.120601 ms)

AssetImportParameters requested are different than current active one (requested -> active):
  custom:video-decoder-ogg-theora: a1e56fd34408186e4bbccfd4996cb3dc -> 
  custom:container-muxer-webm: aa71ff27fc2769a1b78a27578f13a17b -> 
  custom:container-demuxer-webm: 4f35f7cbe854078d1ac9338744f61a02 -> 
  custom:container-demuxer-ogg: 62fdf1f143b41e24485cea50d1cbac27 -> 
  custom:video-encoder-webm-vp8: eb34c28f22e8b96e1ab97ce403110664 -> 
  custom:framework-osx-AVFoundation: e770b220cccbd017edd2c1fefb359320 -> 
  custom:video-decoder-webm-vp8: 9c59270c3fd7afecdb556c50c9e8de78 -> 
  custom:audio-decoder-ogg-vorbis: bf7c407c2cedff20999df2af8eb42d56 -> 
  custom:audio-encoder-webm-vorbis: bf7c407c2cedff20999df2af8eb42d56 -> 
